<?xml version="1.0" encoding="UTF-8"?>
<testng-results skipped="0" failed="0" ignored="0" total="1" passed="1">
  <reporter-output>
  </reporter-output>
  <suite name="Default suite" duration-ms="23468" started-at="2017-10-11T14:23:31Z" finished-at="2017-10-11T14:23:55Z">
    <groups>
    </groups>
    <test name="Default test" duration-ms="23468" started-at="2017-10-11T14:23:31Z" finished-at="2017-10-11T14:23:55Z">
      <class name="com.automationpractcs.FirstTest">
        <test-method status="PASS" signature="AT_1()[pri:0, instance:com.automationpractcs.FirstTest@1e88b3c]" name="AT_1" duration-ms="23431" started-at="2017-10-11T19:53:31Z" finished-at="2017-10-11T19:53:55Z">
          <reporter-output>
          </reporter-output>
        </test-method> <!-- AT_1 -->
      </class> <!-- com.automationpractcs.FirstTest -->
    </test> <!-- Default test -->
  </suite> <!-- Default suite -->
</testng-results>
